<?xml version="1.0" encoding="UTF-8"?>
<testng-results skipped="0" failed="0" total="1" passed="1">
  <reporter-output>
  </reporter-output>
  <suite name="Default suite" duration-ms="6018" started-at="2019-09-07T16:46:40Z" finished-at="2019-09-07T16:46:46Z">
    <groups>
    </groups>
    <test name="Default test" duration-ms="6018" started-at="2019-09-07T16:46:40Z" finished-at="2019-09-07T16:46:46Z">
      <class name="Auth1and2.Auth2_0">
        <test-method status="PASS" signature="test2()[pri:0, instance:Auth1and2.Auth2_0@7907ec20]" name="test2" duration-ms="5994" started-at="2019-09-07T22:16:40Z" finished-at="2019-09-07T22:16:46Z">
          <reporter-output>
          </reporter-output>
        </test-method> <!-- test2 -->
      </class> <!-- Auth1and2.Auth2_0 -->
    </test> <!-- Default test -->
  </suite> <!-- Default suite -->
</testng-results>
